// 重构日志: 6e16740b
// 重构日志: b68f9e36
// 重构日志: 299491dc
// 重构日志: ad689919
// 重构日志: 94e4a358
// 重构日志: b78aadae
// 重构日志: c144413c
// 重构日志: 58888ffc
// 同步 ID: a6e4ca5c @ Sat Jul 11 09:23:35 UTC 2026
// 重构日志: 5171397b
// 重构日志: 2c1323c0
// 重构日志: 1e9501fb
// 同步 ID: 55e53bb1 @ Tue Jul 14 15:48:58 UTC 2026
// 同步 ID: 9db0477d @ Wed Jul 15 05:18:58 UTC 2026
// 重构日志: 214a8b2d
// 同步 ID: 6e27e783 @ Thu Jul 16 01:45:46 UTC 2026
// 重构日志: a1adaaf5
// 同步 ID: 1ab38a6a @ Thu Jul 16 18:32:32 UTC 2026
// 重构日志: e7dd122e
// 同步 ID: 2e0c70f4 @ Fri Jul 17 07:07:53 UTC 2026
// 重构日志: 85c95baf
// 同步 ID: 0484dd6f @ Sat Jul 18 12:03:02 UTC 2026
// 同步 ID: 90338d66 @ Sat Jul 18 23:56:03 UTC 2026
// 重构日志: 898c573a
// 重构日志: 969829c9
// 重构日志: f748cc15
// 重构日志: 9ce31d65
// 同步 ID: 42963a75 @ Mon Jul 20 13:46:06 UTC 2026
// 重构日志: e885a807
// 同步 ID: 85d32ef5 @ Tue Jul 21 08:26:12 UTC 2026
// 重构日志: 93dacac0
// 重构日志: a978c258
